[30-Jun-2025 09:29:36 UTC] Invalid product slug provided "elementor", does not match bsf_product_slugs
[30-Jun-2025 09:29:40 UTC] WordPress database error Table 'wp_e_events' already exists for query CREATE TABLE `wp_e_events` (
			id bigint(20) unsigned auto_increment primary key,
			event_data text null,
			created_at datetime not null
		) DEFAULT CHARACTER SET utf8mb4 COLLATE utf8mb4_unicode_520_ci; made by require_once('wp-load.php'), require_once('wp-config.php'), require_once('wp-settings.php'), do_action('init'), WP_Hook->do_action, WP_Hook->apply_filters, Elementor\Plugin->init, Elementor\Plugin->init_components, Elementor\Core\Admin\Admin->__construct, Elementor\Plugin->init_common, Elementor\Core\Common\App->init_components, Elementor\Core\Common\Modules\EventTracker\Module->__construct, Elementor\Core\Common\Modules\EventTracker\DB->__construct, Elementor\Core\Common\Modules\EventTracker\DB->create_table
[30-Jun-2025 09:29:40 UTC] WordPress database error Duplicate key name 'created_at_index' for query ALTER TABLE wp_e_events
    		ADD INDEX `created_at_index` (`created_at`)
		 made by require_once('wp-load.php'), require_once('wp-config.php'), require_once('wp-settings.php'), do_action('init'), WP_Hook->do_action, WP_Hook->apply_filters, Elementor\Plugin->init, Elementor\Plugin->init_components, Elementor\Core\Admin\Admin->__construct, Elementor\Plugin->init_common, Elementor\Core\Common\App->init_components, Elementor\Core\Common\Modules\EventTracker\Module->__construct, Elementor\Core\Common\Modules\EventTracker\DB->__construct, Elementor\Core\Common\Modules\EventTracker\DB->add_indexes
[30-Jun-2025 09:29:41 UTC] Invalid product slug provided "wpforms-lite", does not match bsf_product_slugs
[30-Jun-2025 09:43:49 UTC] PHP Warning:  Undefined array key 1 in /Users/szymonbartkowiak/Local Sites/atipera/app/public/wp-content/plugins/astra-sites/inc/lib/zipwp-images/classes/zipwp-images-api.php on line 471
[30-Jun-2025 09:43:49 UTC] PHP Warning:  Undefined array key 1 in /Users/szymonbartkowiak/Local Sites/atipera/app/public/wp-content/plugins/astra-sites/inc/lib/zipwp-images/classes/zipwp-images-api.php on line 471
[30-Jun-2025 09:43:49 UTC] PHP Warning:  Undefined array key 1 in /Users/szymonbartkowiak/Local Sites/atipera/app/public/wp-content/plugins/astra-sites/inc/lib/zipwp-images/classes/zipwp-images-api.php on line 471
[30-Jun-2025 09:43:49 UTC] PHP Warning:  Undefined array key 1 in /Users/szymonbartkowiak/Local Sites/atipera/app/public/wp-content/plugins/astra-sites/inc/lib/zipwp-images/classes/zipwp-images-api.php on line 471
[30-Jun-2025 09:43:49 UTC] PHP Warning:  Undefined array key 1 in /Users/szymonbartkowiak/Local Sites/atipera/app/public/wp-content/plugins/astra-sites/inc/lib/zipwp-images/classes/zipwp-images-api.php on line 471
[30-Jun-2025 09:43:49 UTC] PHP Warning:  Undefined array key 1 in /Users/szymonbartkowiak/Local Sites/atipera/app/public/wp-content/plugins/astra-sites/inc/lib/zipwp-images/classes/zipwp-images-api.php on line 471
[30-Jun-2025 09:43:49 UTC] PHP Warning:  Undefined array key 1 in /Users/szymonbartkowiak/Local Sites/atipera/app/public/wp-content/plugins/astra-sites/inc/lib/zipwp-images/classes/zipwp-images-api.php on line 471
[30-Jun-2025 09:43:49 UTC] PHP Warning:  Undefined array key 1 in /Users/szymonbartkowiak/Local Sites/atipera/app/public/wp-content/plugins/astra-sites/inc/lib/zipwp-images/classes/zipwp-images-api.php on line 471
[30-Jun-2025 09:43:49 UTC] PHP Warning:  Undefined array key 1 in /Users/szymonbartkowiak/Local Sites/atipera/app/public/wp-content/plugins/astra-sites/inc/lib/zipwp-images/classes/zipwp-images-api.php on line 471
[30-Jun-2025 09:43:49 UTC] PHP Warning:  Undefined array key 1 in /Users/szymonbartkowiak/Local Sites/atipera/app/public/wp-content/plugins/astra-sites/inc/lib/zipwp-images/classes/zipwp-images-api.php on line 471
[30-Jun-2025 09:43:49 UTC] PHP Warning:  Undefined array key 1 in /Users/szymonbartkowiak/Local Sites/atipera/app/public/wp-content/plugins/astra-sites/inc/lib/zipwp-images/classes/zipwp-images-api.php on line 471
[30-Jun-2025 09:43:49 UTC] PHP Warning:  Undefined array key 1 in /Users/szymonbartkowiak/Local Sites/atipera/app/public/wp-content/plugins/astra-sites/inc/lib/zipwp-images/classes/zipwp-images-api.php on line 471
[30-Jun-2025 09:43:49 UTC] PHP Warning:  Undefined array key 1 in /Users/szymonbartkowiak/Local Sites/atipera/app/public/wp-content/plugins/astra-sites/inc/lib/zipwp-images/classes/zipwp-images-api.php on line 471
[30-Jun-2025 09:43:49 UTC] PHP Warning:  Undefined array key 1 in /Users/szymonbartkowiak/Local Sites/atipera/app/public/wp-content/plugins/astra-sites/inc/lib/zipwp-images/classes/zipwp-images-api.php on line 471
[30-Jun-2025 09:43:49 UTC] PHP Warning:  Undefined array key 1 in /Users/szymonbartkowiak/Local Sites/atipera/app/public/wp-content/plugins/astra-sites/inc/lib/zipwp-images/classes/zipwp-images-api.php on line 471
[30-Jun-2025 09:43:49 UTC] PHP Warning:  Undefined array key 1 in /Users/szymonbartkowiak/Local Sites/atipera/app/public/wp-content/plugins/astra-sites/inc/lib/zipwp-images/classes/zipwp-images-api.php on line 471
[30-Jun-2025 09:43:49 UTC] PHP Warning:  Undefined array key 1 in /Users/szymonbartkowiak/Local Sites/atipera/app/public/wp-content/plugins/astra-sites/inc/lib/zipwp-images/classes/zipwp-images-api.php on line 471
[30-Jun-2025 09:43:49 UTC] PHP Warning:  Undefined array key 1 in /Users/szymonbartkowiak/Local Sites/atipera/app/public/wp-content/plugins/astra-sites/inc/lib/zipwp-images/classes/zipwp-images-api.php on line 471
[30-Jun-2025 09:43:49 UTC] PHP Warning:  Undefined array key 1 in /Users/szymonbartkowiak/Local Sites/atipera/app/public/wp-content/plugins/astra-sites/inc/lib/zipwp-images/classes/zipwp-images-api.php on line 471
[30-Jun-2025 09:43:49 UTC] PHP Warning:  Undefined array key 1 in /Users/szymonbartkowiak/Local Sites/atipera/app/public/wp-content/plugins/astra-sites/inc/lib/zipwp-images/classes/zipwp-images-api.php on line 471
[30-Jun-2025 10:01:48 UTC] PHP Warning:  Undefined array key 1 in /Users/szymonbartkowiak/Local Sites/atipera/app/public/wp-content/plugins/astra-sites/inc/lib/zipwp-images/classes/zipwp-images-api.php on line 471
[30-Jun-2025 10:01:48 UTC] PHP Warning:  Undefined array key 1 in /Users/szymonbartkowiak/Local Sites/atipera/app/public/wp-content/plugins/astra-sites/inc/lib/zipwp-images/classes/zipwp-images-api.php on line 471
[30-Jun-2025 10:01:48 UTC] PHP Warning:  Undefined array key 1 in /Users/szymonbartkowiak/Local Sites/atipera/app/public/wp-content/plugins/astra-sites/inc/lib/zipwp-images/classes/zipwp-images-api.php on line 471
[30-Jun-2025 10:01:48 UTC] PHP Warning:  Undefined array key 1 in /Users/szymonbartkowiak/Local Sites/atipera/app/public/wp-content/plugins/astra-sites/inc/lib/zipwp-images/classes/zipwp-images-api.php on line 471
[30-Jun-2025 10:01:48 UTC] PHP Warning:  Undefined array key 1 in /Users/szymonbartkowiak/Local Sites/atipera/app/public/wp-content/plugins/astra-sites/inc/lib/zipwp-images/classes/zipwp-images-api.php on line 471
[30-Jun-2025 10:01:48 UTC] PHP Warning:  Undefined array key 1 in /Users/szymonbartkowiak/Local Sites/atipera/app/public/wp-content/plugins/astra-sites/inc/lib/zipwp-images/classes/zipwp-images-api.php on line 471
[30-Jun-2025 10:01:48 UTC] PHP Warning:  Undefined array key 1 in /Users/szymonbartkowiak/Local Sites/atipera/app/public/wp-content/plugins/astra-sites/inc/lib/zipwp-images/classes/zipwp-images-api.php on line 471
[30-Jun-2025 10:01:48 UTC] PHP Warning:  Undefined array key 1 in /Users/szymonbartkowiak/Local Sites/atipera/app/public/wp-content/plugins/astra-sites/inc/lib/zipwp-images/classes/zipwp-images-api.php on line 471
[30-Jun-2025 10:01:48 UTC] PHP Warning:  Undefined array key 1 in /Users/szymonbartkowiak/Local Sites/atipera/app/public/wp-content/plugins/astra-sites/inc/lib/zipwp-images/classes/zipwp-images-api.php on line 471
[30-Jun-2025 10:01:48 UTC] PHP Warning:  Undefined array key 1 in /Users/szymonbartkowiak/Local Sites/atipera/app/public/wp-content/plugins/astra-sites/inc/lib/zipwp-images/classes/zipwp-images-api.php on line 471
[30-Jun-2025 10:01:48 UTC] PHP Warning:  Undefined array key 1 in /Users/szymonbartkowiak/Local Sites/atipera/app/public/wp-content/plugins/astra-sites/inc/lib/zipwp-images/classes/zipwp-images-api.php on line 471
[30-Jun-2025 10:01:48 UTC] PHP Warning:  Undefined array key 1 in /Users/szymonbartkowiak/Local Sites/atipera/app/public/wp-content/plugins/astra-sites/inc/lib/zipwp-images/classes/zipwp-images-api.php on line 471
[30-Jun-2025 10:01:48 UTC] PHP Warning:  Undefined array key 1 in /Users/szymonbartkowiak/Local Sites/atipera/app/public/wp-content/plugins/astra-sites/inc/lib/zipwp-images/classes/zipwp-images-api.php on line 471
[30-Jun-2025 10:01:48 UTC] PHP Warning:  Undefined array key 1 in /Users/szymonbartkowiak/Local Sites/atipera/app/public/wp-content/plugins/astra-sites/inc/lib/zipwp-images/classes/zipwp-images-api.php on line 471
[30-Jun-2025 10:01:48 UTC] PHP Warning:  Undefined array key 1 in /Users/szymonbartkowiak/Local Sites/atipera/app/public/wp-content/plugins/astra-sites/inc/lib/zipwp-images/classes/zipwp-images-api.php on line 471
[30-Jun-2025 10:01:48 UTC] PHP Warning:  Undefined array key 1 in /Users/szymonbartkowiak/Local Sites/atipera/app/public/wp-content/plugins/astra-sites/inc/lib/zipwp-images/classes/zipwp-images-api.php on line 471
[30-Jun-2025 10:01:48 UTC] PHP Warning:  Undefined array key 1 in /Users/szymonbartkowiak/Local Sites/atipera/app/public/wp-content/plugins/astra-sites/inc/lib/zipwp-images/classes/zipwp-images-api.php on line 471
[30-Jun-2025 10:01:48 UTC] PHP Warning:  Undefined array key 1 in /Users/szymonbartkowiak/Local Sites/atipera/app/public/wp-content/plugins/astra-sites/inc/lib/zipwp-images/classes/zipwp-images-api.php on line 471
[30-Jun-2025 10:01:48 UTC] PHP Warning:  Undefined array key 1 in /Users/szymonbartkowiak/Local Sites/atipera/app/public/wp-content/plugins/astra-sites/inc/lib/zipwp-images/classes/zipwp-images-api.php on line 471
[30-Jun-2025 10:01:48 UTC] PHP Warning:  Undefined array key 1 in /Users/szymonbartkowiak/Local Sites/atipera/app/public/wp-content/plugins/astra-sites/inc/lib/zipwp-images/classes/zipwp-images-api.php on line 471
[30-Jun-2025 11:30:58 UTC] PHP Warning:  Undefined array key 1 in /Users/szymonbartkowiak/Local Sites/atipera/app/public/wp-content/plugins/astra-sites/inc/lib/zipwp-images/classes/zipwp-images-api.php on line 471
[30-Jun-2025 11:30:58 UTC] PHP Warning:  Undefined array key 1 in /Users/szymonbartkowiak/Local Sites/atipera/app/public/wp-content/plugins/astra-sites/inc/lib/zipwp-images/classes/zipwp-images-api.php on line 471
[30-Jun-2025 11:30:58 UTC] PHP Warning:  Undefined array key 1 in /Users/szymonbartkowiak/Local Sites/atipera/app/public/wp-content/plugins/astra-sites/inc/lib/zipwp-images/classes/zipwp-images-api.php on line 471
[30-Jun-2025 11:30:58 UTC] PHP Warning:  Undefined array key 1 in /Users/szymonbartkowiak/Local Sites/atipera/app/public/wp-content/plugins/astra-sites/inc/lib/zipwp-images/classes/zipwp-images-api.php on line 471
[30-Jun-2025 11:30:58 UTC] PHP Warning:  Undefined array key 1 in /Users/szymonbartkowiak/Local Sites/atipera/app/public/wp-content/plugins/astra-sites/inc/lib/zipwp-images/classes/zipwp-images-api.php on line 471
[30-Jun-2025 11:30:58 UTC] PHP Warning:  Undefined array key 1 in /Users/szymonbartkowiak/Local Sites/atipera/app/public/wp-content/plugins/astra-sites/inc/lib/zipwp-images/classes/zipwp-images-api.php on line 471
[30-Jun-2025 11:30:58 UTC] PHP Warning:  Undefined array key 1 in /Users/szymonbartkowiak/Local Sites/atipera/app/public/wp-content/plugins/astra-sites/inc/lib/zipwp-images/classes/zipwp-images-api.php on line 471
[30-Jun-2025 11:30:58 UTC] PHP Warning:  Undefined array key 1 in /Users/szymonbartkowiak/Local Sites/atipera/app/public/wp-content/plugins/astra-sites/inc/lib/zipwp-images/classes/zipwp-images-api.php on line 471
[30-Jun-2025 11:30:58 UTC] PHP Warning:  Undefined array key 1 in /Users/szymonbartkowiak/Local Sites/atipera/app/public/wp-content/plugins/astra-sites/inc/lib/zipwp-images/classes/zipwp-images-api.php on line 471
[30-Jun-2025 11:30:58 UTC] PHP Warning:  Undefined array key 1 in /Users/szymonbartkowiak/Local Sites/atipera/app/public/wp-content/plugins/astra-sites/inc/lib/zipwp-images/classes/zipwp-images-api.php on line 471
[30-Jun-2025 11:30:58 UTC] PHP Warning:  Undefined array key 1 in /Users/szymonbartkowiak/Local Sites/atipera/app/public/wp-content/plugins/astra-sites/inc/lib/zipwp-images/classes/zipwp-images-api.php on line 471
[30-Jun-2025 11:30:58 UTC] PHP Warning:  Undefined array key 1 in /Users/szymonbartkowiak/Local Sites/atipera/app/public/wp-content/plugins/astra-sites/inc/lib/zipwp-images/classes/zipwp-images-api.php on line 471
[30-Jun-2025 11:30:58 UTC] PHP Warning:  Undefined array key 1 in /Users/szymonbartkowiak/Local Sites/atipera/app/public/wp-content/plugins/astra-sites/inc/lib/zipwp-images/classes/zipwp-images-api.php on line 471
[30-Jun-2025 11:30:58 UTC] PHP Warning:  Undefined array key 1 in /Users/szymonbartkowiak/Local Sites/atipera/app/public/wp-content/plugins/astra-sites/inc/lib/zipwp-images/classes/zipwp-images-api.php on line 471
[30-Jun-2025 11:30:58 UTC] PHP Warning:  Undefined array key 1 in /Users/szymonbartkowiak/Local Sites/atipera/app/public/wp-content/plugins/astra-sites/inc/lib/zipwp-images/classes/zipwp-images-api.php on line 471
[30-Jun-2025 11:30:58 UTC] PHP Warning:  Undefined array key 1 in /Users/szymonbartkowiak/Local Sites/atipera/app/public/wp-content/plugins/astra-sites/inc/lib/zipwp-images/classes/zipwp-images-api.php on line 471
[30-Jun-2025 11:30:58 UTC] PHP Warning:  Undefined array key 1 in /Users/szymonbartkowiak/Local Sites/atipera/app/public/wp-content/plugins/astra-sites/inc/lib/zipwp-images/classes/zipwp-images-api.php on line 471
[30-Jun-2025 11:30:58 UTC] PHP Warning:  Undefined array key 1 in /Users/szymonbartkowiak/Local Sites/atipera/app/public/wp-content/plugins/astra-sites/inc/lib/zipwp-images/classes/zipwp-images-api.php on line 471
[30-Jun-2025 11:30:58 UTC] PHP Warning:  Undefined array key 1 in /Users/szymonbartkowiak/Local Sites/atipera/app/public/wp-content/plugins/astra-sites/inc/lib/zipwp-images/classes/zipwp-images-api.php on line 471
[30-Jun-2025 11:30:58 UTC] PHP Warning:  Undefined array key 1 in /Users/szymonbartkowiak/Local Sites/atipera/app/public/wp-content/plugins/astra-sites/inc/lib/zipwp-images/classes/zipwp-images-api.php on line 471
[30-Jun-2025 12:10:03 UTC] PHP Warning:  Undefined array key 1 in /Users/szymonbartkowiak/Local Sites/atipera/app/public/wp-content/plugins/astra-sites/inc/lib/zipwp-images/classes/zipwp-images-api.php on line 471
[30-Jun-2025 12:10:03 UTC] PHP Warning:  Undefined array key 1 in /Users/szymonbartkowiak/Local Sites/atipera/app/public/wp-content/plugins/astra-sites/inc/lib/zipwp-images/classes/zipwp-images-api.php on line 471
[30-Jun-2025 12:10:03 UTC] PHP Warning:  Undefined array key 1 in /Users/szymonbartkowiak/Local Sites/atipera/app/public/wp-content/plugins/astra-sites/inc/lib/zipwp-images/classes/zipwp-images-api.php on line 471
[30-Jun-2025 12:10:03 UTC] PHP Warning:  Undefined array key 1 in /Users/szymonbartkowiak/Local Sites/atipera/app/public/wp-content/plugins/astra-sites/inc/lib/zipwp-images/classes/zipwp-images-api.php on line 471
[30-Jun-2025 12:10:03 UTC] PHP Warning:  Undefined array key 1 in /Users/szymonbartkowiak/Local Sites/atipera/app/public/wp-content/plugins/astra-sites/inc/lib/zipwp-images/classes/zipwp-images-api.php on line 471
[30-Jun-2025 12:10:03 UTC] PHP Warning:  Undefined array key 1 in /Users/szymonbartkowiak/Local Sites/atipera/app/public/wp-content/plugins/astra-sites/inc/lib/zipwp-images/classes/zipwp-images-api.php on line 471
[30-Jun-2025 12:10:03 UTC] PHP Warning:  Undefined array key 1 in /Users/szymonbartkowiak/Local Sites/atipera/app/public/wp-content/plugins/astra-sites/inc/lib/zipwp-images/classes/zipwp-images-api.php on line 471
[30-Jun-2025 12:10:03 UTC] PHP Warning:  Undefined array key 1 in /Users/szymonbartkowiak/Local Sites/atipera/app/public/wp-content/plugins/astra-sites/inc/lib/zipwp-images/classes/zipwp-images-api.php on line 471
[30-Jun-2025 12:10:03 UTC] PHP Warning:  Undefined array key 1 in /Users/szymonbartkowiak/Local Sites/atipera/app/public/wp-content/plugins/astra-sites/inc/lib/zipwp-images/classes/zipwp-images-api.php on line 471
[30-Jun-2025 12:10:03 UTC] PHP Warning:  Undefined array key 1 in /Users/szymonbartkowiak/Local Sites/atipera/app/public/wp-content/plugins/astra-sites/inc/lib/zipwp-images/classes/zipwp-images-api.php on line 471
[30-Jun-2025 12:10:03 UTC] PHP Warning:  Undefined array key 1 in /Users/szymonbartkowiak/Local Sites/atipera/app/public/wp-content/plugins/astra-sites/inc/lib/zipwp-images/classes/zipwp-images-api.php on line 471
[30-Jun-2025 12:10:03 UTC] PHP Warning:  Undefined array key 1 in /Users/szymonbartkowiak/Local Sites/atipera/app/public/wp-content/plugins/astra-sites/inc/lib/zipwp-images/classes/zipwp-images-api.php on line 471
[30-Jun-2025 12:10:03 UTC] PHP Warning:  Undefined array key 1 in /Users/szymonbartkowiak/Local Sites/atipera/app/public/wp-content/plugins/astra-sites/inc/lib/zipwp-images/classes/zipwp-images-api.php on line 471
[30-Jun-2025 12:10:03 UTC] PHP Warning:  Undefined array key 1 in /Users/szymonbartkowiak/Local Sites/atipera/app/public/wp-content/plugins/astra-sites/inc/lib/zipwp-images/classes/zipwp-images-api.php on line 471
[30-Jun-2025 12:10:03 UTC] PHP Warning:  Undefined array key 1 in /Users/szymonbartkowiak/Local Sites/atipera/app/public/wp-content/plugins/astra-sites/inc/lib/zipwp-images/classes/zipwp-images-api.php on line 471
[30-Jun-2025 12:10:03 UTC] PHP Warning:  Undefined array key 1 in /Users/szymonbartkowiak/Local Sites/atipera/app/public/wp-content/plugins/astra-sites/inc/lib/zipwp-images/classes/zipwp-images-api.php on line 471
[30-Jun-2025 12:10:03 UTC] PHP Warning:  Undefined array key 1 in /Users/szymonbartkowiak/Local Sites/atipera/app/public/wp-content/plugins/astra-sites/inc/lib/zipwp-images/classes/zipwp-images-api.php on line 471
[30-Jun-2025 12:10:03 UTC] PHP Warning:  Undefined array key 1 in /Users/szymonbartkowiak/Local Sites/atipera/app/public/wp-content/plugins/astra-sites/inc/lib/zipwp-images/classes/zipwp-images-api.php on line 471
[30-Jun-2025 12:10:03 UTC] PHP Warning:  Undefined array key 1 in /Users/szymonbartkowiak/Local Sites/atipera/app/public/wp-content/plugins/astra-sites/inc/lib/zipwp-images/classes/zipwp-images-api.php on line 471
[30-Jun-2025 12:10:03 UTC] PHP Warning:  Undefined array key 1 in /Users/szymonbartkowiak/Local Sites/atipera/app/public/wp-content/plugins/astra-sites/inc/lib/zipwp-images/classes/zipwp-images-api.php on line 471
[30-Jun-2025 12:13:01 UTC] PHP Warning:  Undefined array key 1 in /Users/szymonbartkowiak/Local Sites/atipera/app/public/wp-content/plugins/astra-sites/inc/lib/zipwp-images/classes/zipwp-images-api.php on line 471
[30-Jun-2025 12:13:01 UTC] PHP Warning:  Undefined array key 1 in /Users/szymonbartkowiak/Local Sites/atipera/app/public/wp-content/plugins/astra-sites/inc/lib/zipwp-images/classes/zipwp-images-api.php on line 471
[30-Jun-2025 12:13:01 UTC] PHP Warning:  Undefined array key 1 in /Users/szymonbartkowiak/Local Sites/atipera/app/public/wp-content/plugins/astra-sites/inc/lib/zipwp-images/classes/zipwp-images-api.php on line 471
[30-Jun-2025 12:13:01 UTC] PHP Warning:  Undefined array key 1 in /Users/szymonbartkowiak/Local Sites/atipera/app/public/wp-content/plugins/astra-sites/inc/lib/zipwp-images/classes/zipwp-images-api.php on line 471
[30-Jun-2025 12:13:01 UTC] PHP Warning:  Undefined array key 1 in /Users/szymonbartkowiak/Local Sites/atipera/app/public/wp-content/plugins/astra-sites/inc/lib/zipwp-images/classes/zipwp-images-api.php on line 471
[30-Jun-2025 12:13:01 UTC] PHP Warning:  Undefined array key 1 in /Users/szymonbartkowiak/Local Sites/atipera/app/public/wp-content/plugins/astra-sites/inc/lib/zipwp-images/classes/zipwp-images-api.php on line 471
[30-Jun-2025 12:13:01 UTC] PHP Warning:  Undefined array key 1 in /Users/szymonbartkowiak/Local Sites/atipera/app/public/wp-content/plugins/astra-sites/inc/lib/zipwp-images/classes/zipwp-images-api.php on line 471
[30-Jun-2025 12:13:01 UTC] PHP Warning:  Undefined array key 1 in /Users/szymonbartkowiak/Local Sites/atipera/app/public/wp-content/plugins/astra-sites/inc/lib/zipwp-images/classes/zipwp-images-api.php on line 471
[30-Jun-2025 12:13:01 UTC] PHP Warning:  Undefined array key 1 in /Users/szymonbartkowiak/Local Sites/atipera/app/public/wp-content/plugins/astra-sites/inc/lib/zipwp-images/classes/zipwp-images-api.php on line 471
[30-Jun-2025 12:13:01 UTC] PHP Warning:  Undefined array key 1 in /Users/szymonbartkowiak/Local Sites/atipera/app/public/wp-content/plugins/astra-sites/inc/lib/zipwp-images/classes/zipwp-images-api.php on line 471
[30-Jun-2025 12:13:01 UTC] PHP Warning:  Undefined array key 1 in /Users/szymonbartkowiak/Local Sites/atipera/app/public/wp-content/plugins/astra-sites/inc/lib/zipwp-images/classes/zipwp-images-api.php on line 471
[30-Jun-2025 12:13:01 UTC] PHP Warning:  Undefined array key 1 in /Users/szymonbartkowiak/Local Sites/atipera/app/public/wp-content/plugins/astra-sites/inc/lib/zipwp-images/classes/zipwp-images-api.php on line 471
[30-Jun-2025 12:13:01 UTC] PHP Warning:  Undefined array key 1 in /Users/szymonbartkowiak/Local Sites/atipera/app/public/wp-content/plugins/astra-sites/inc/lib/zipwp-images/classes/zipwp-images-api.php on line 471
[30-Jun-2025 12:13:01 UTC] PHP Warning:  Undefined array key 1 in /Users/szymonbartkowiak/Local Sites/atipera/app/public/wp-content/plugins/astra-sites/inc/lib/zipwp-images/classes/zipwp-images-api.php on line 471
[30-Jun-2025 12:13:01 UTC] PHP Warning:  Undefined array key 1 in /Users/szymonbartkowiak/Local Sites/atipera/app/public/wp-content/plugins/astra-sites/inc/lib/zipwp-images/classes/zipwp-images-api.php on line 471
[30-Jun-2025 12:13:01 UTC] PHP Warning:  Undefined array key 1 in /Users/szymonbartkowiak/Local Sites/atipera/app/public/wp-content/plugins/astra-sites/inc/lib/zipwp-images/classes/zipwp-images-api.php on line 471
[30-Jun-2025 12:13:01 UTC] PHP Warning:  Undefined array key 1 in /Users/szymonbartkowiak/Local Sites/atipera/app/public/wp-content/plugins/astra-sites/inc/lib/zipwp-images/classes/zipwp-images-api.php on line 471
[30-Jun-2025 12:13:01 UTC] PHP Warning:  Undefined array key 1 in /Users/szymonbartkowiak/Local Sites/atipera/app/public/wp-content/plugins/astra-sites/inc/lib/zipwp-images/classes/zipwp-images-api.php on line 471
[30-Jun-2025 12:13:01 UTC] PHP Warning:  Undefined array key 1 in /Users/szymonbartkowiak/Local Sites/atipera/app/public/wp-content/plugins/astra-sites/inc/lib/zipwp-images/classes/zipwp-images-api.php on line 471
[30-Jun-2025 12:13:01 UTC] PHP Warning:  Undefined array key 1 in /Users/szymonbartkowiak/Local Sites/atipera/app/public/wp-content/plugins/astra-sites/inc/lib/zipwp-images/classes/zipwp-images-api.php on line 471
[30-Jun-2025 12:14:55 UTC] PHP Warning:  Undefined array key 1 in /Users/szymonbartkowiak/Local Sites/atipera/app/public/wp-content/plugins/astra-sites/inc/lib/zipwp-images/classes/zipwp-images-api.php on line 471
[30-Jun-2025 12:14:55 UTC] PHP Warning:  Undefined array key 1 in /Users/szymonbartkowiak/Local Sites/atipera/app/public/wp-content/plugins/astra-sites/inc/lib/zipwp-images/classes/zipwp-images-api.php on line 471
[30-Jun-2025 12:14:55 UTC] PHP Warning:  Undefined array key 1 in /Users/szymonbartkowiak/Local Sites/atipera/app/public/wp-content/plugins/astra-sites/inc/lib/zipwp-images/classes/zipwp-images-api.php on line 471
[30-Jun-2025 12:14:55 UTC] PHP Warning:  Undefined array key 1 in /Users/szymonbartkowiak/Local Sites/atipera/app/public/wp-content/plugins/astra-sites/inc/lib/zipwp-images/classes/zipwp-images-api.php on line 471
[30-Jun-2025 12:14:55 UTC] PHP Warning:  Undefined array key 1 in /Users/szymonbartkowiak/Local Sites/atipera/app/public/wp-content/plugins/astra-sites/inc/lib/zipwp-images/classes/zipwp-images-api.php on line 471
[30-Jun-2025 12:14:55 UTC] PHP Warning:  Undefined array key 1 in /Users/szymonbartkowiak/Local Sites/atipera/app/public/wp-content/plugins/astra-sites/inc/lib/zipwp-images/classes/zipwp-images-api.php on line 471
[30-Jun-2025 12:14:55 UTC] PHP Warning:  Undefined array key 1 in /Users/szymonbartkowiak/Local Sites/atipera/app/public/wp-content/plugins/astra-sites/inc/lib/zipwp-images/classes/zipwp-images-api.php on line 471
[30-Jun-2025 12:14:55 UTC] PHP Warning:  Undefined array key 1 in /Users/szymonbartkowiak/Local Sites/atipera/app/public/wp-content/plugins/astra-sites/inc/lib/zipwp-images/classes/zipwp-images-api.php on line 471
[30-Jun-2025 12:14:55 UTC] PHP Warning:  Undefined array key 1 in /Users/szymonbartkowiak/Local Sites/atipera/app/public/wp-content/plugins/astra-sites/inc/lib/zipwp-images/classes/zipwp-images-api.php on line 471
[30-Jun-2025 12:14:55 UTC] PHP Warning:  Undefined array key 1 in /Users/szymonbartkowiak/Local Sites/atipera/app/public/wp-content/plugins/astra-sites/inc/lib/zipwp-images/classes/zipwp-images-api.php on line 471
[30-Jun-2025 12:14:55 UTC] PHP Warning:  Undefined array key 1 in /Users/szymonbartkowiak/Local Sites/atipera/app/public/wp-content/plugins/astra-sites/inc/lib/zipwp-images/classes/zipwp-images-api.php on line 471
[30-Jun-2025 12:14:55 UTC] PHP Warning:  Undefined array key 1 in /Users/szymonbartkowiak/Local Sites/atipera/app/public/wp-content/plugins/astra-sites/inc/lib/zipwp-images/classes/zipwp-images-api.php on line 471
[30-Jun-2025 12:14:55 UTC] PHP Warning:  Undefined array key 1 in /Users/szymonbartkowiak/Local Sites/atipera/app/public/wp-content/plugins/astra-sites/inc/lib/zipwp-images/classes/zipwp-images-api.php on line 471
[30-Jun-2025 12:14:55 UTC] PHP Warning:  Undefined array key 1 in /Users/szymonbartkowiak/Local Sites/atipera/app/public/wp-content/plugins/astra-sites/inc/lib/zipwp-images/classes/zipwp-images-api.php on line 471
[30-Jun-2025 12:14:55 UTC] PHP Warning:  Undefined array key 1 in /Users/szymonbartkowiak/Local Sites/atipera/app/public/wp-content/plugins/astra-sites/inc/lib/zipwp-images/classes/zipwp-images-api.php on line 471
[30-Jun-2025 12:14:55 UTC] PHP Warning:  Undefined array key 1 in /Users/szymonbartkowiak/Local Sites/atipera/app/public/wp-content/plugins/astra-sites/inc/lib/zipwp-images/classes/zipwp-images-api.php on line 471
[30-Jun-2025 12:14:55 UTC] PHP Warning:  Undefined array key 1 in /Users/szymonbartkowiak/Local Sites/atipera/app/public/wp-content/plugins/astra-sites/inc/lib/zipwp-images/classes/zipwp-images-api.php on line 471
[30-Jun-2025 12:14:55 UTC] PHP Warning:  Undefined array key 1 in /Users/szymonbartkowiak/Local Sites/atipera/app/public/wp-content/plugins/astra-sites/inc/lib/zipwp-images/classes/zipwp-images-api.php on line 471
[30-Jun-2025 12:14:55 UTC] PHP Warning:  Undefined array key 1 in /Users/szymonbartkowiak/Local Sites/atipera/app/public/wp-content/plugins/astra-sites/inc/lib/zipwp-images/classes/zipwp-images-api.php on line 471
[30-Jun-2025 12:14:55 UTC] PHP Warning:  Undefined array key 1 in /Users/szymonbartkowiak/Local Sites/atipera/app/public/wp-content/plugins/astra-sites/inc/lib/zipwp-images/classes/zipwp-images-api.php on line 471
[30-Jun-2025 13:26:54 UTC] PHP Warning:  Undefined array key 1 in /Users/szymonbartkowiak/Local Sites/atipera/app/public/wp-content/plugins/astra-sites/inc/lib/zipwp-images/classes/zipwp-images-api.php on line 471
[30-Jun-2025 13:26:54 UTC] PHP Warning:  Undefined array key 1 in /Users/szymonbartkowiak/Local Sites/atipera/app/public/wp-content/plugins/astra-sites/inc/lib/zipwp-images/classes/zipwp-images-api.php on line 471
[30-Jun-2025 13:26:54 UTC] PHP Warning:  Undefined array key 1 in /Users/szymonbartkowiak/Local Sites/atipera/app/public/wp-content/plugins/astra-sites/inc/lib/zipwp-images/classes/zipwp-images-api.php on line 471
[30-Jun-2025 13:26:54 UTC] PHP Warning:  Undefined array key 1 in /Users/szymonbartkowiak/Local Sites/atipera/app/public/wp-content/plugins/astra-sites/inc/lib/zipwp-images/classes/zipwp-images-api.php on line 471
[30-Jun-2025 13:26:54 UTC] PHP Warning:  Undefined array key 1 in /Users/szymonbartkowiak/Local Sites/atipera/app/public/wp-content/plugins/astra-sites/inc/lib/zipwp-images/classes/zipwp-images-api.php on line 471
[30-Jun-2025 13:26:54 UTC] PHP Warning:  Undefined array key 1 in /Users/szymonbartkowiak/Local Sites/atipera/app/public/wp-content/plugins/astra-sites/inc/lib/zipwp-images/classes/zipwp-images-api.php on line 471
[30-Jun-2025 13:26:54 UTC] PHP Warning:  Undefined array key 1 in /Users/szymonbartkowiak/Local Sites/atipera/app/public/wp-content/plugins/astra-sites/inc/lib/zipwp-images/classes/zipwp-images-api.php on line 471
[30-Jun-2025 13:26:54 UTC] PHP Warning:  Undefined array key 1 in /Users/szymonbartkowiak/Local Sites/atipera/app/public/wp-content/plugins/astra-sites/inc/lib/zipwp-images/classes/zipwp-images-api.php on line 471
[30-Jun-2025 13:26:54 UTC] PHP Warning:  Undefined array key 1 in /Users/szymonbartkowiak/Local Sites/atipera/app/public/wp-content/plugins/astra-sites/inc/lib/zipwp-images/classes/zipwp-images-api.php on line 471
[30-Jun-2025 13:26:54 UTC] PHP Warning:  Undefined array key 1 in /Users/szymonbartkowiak/Local Sites/atipera/app/public/wp-content/plugins/astra-sites/inc/lib/zipwp-images/classes/zipwp-images-api.php on line 471
[30-Jun-2025 13:26:54 UTC] PHP Warning:  Undefined array key 1 in /Users/szymonbartkowiak/Local Sites/atipera/app/public/wp-content/plugins/astra-sites/inc/lib/zipwp-images/classes/zipwp-images-api.php on line 471
[30-Jun-2025 13:26:54 UTC] PHP Warning:  Undefined array key 1 in /Users/szymonbartkowiak/Local Sites/atipera/app/public/wp-content/plugins/astra-sites/inc/lib/zipwp-images/classes/zipwp-images-api.php on line 471
[30-Jun-2025 13:26:54 UTC] PHP Warning:  Undefined array key 1 in /Users/szymonbartkowiak/Local Sites/atipera/app/public/wp-content/plugins/astra-sites/inc/lib/zipwp-images/classes/zipwp-images-api.php on line 471
[30-Jun-2025 13:26:54 UTC] PHP Warning:  Undefined array key 1 in /Users/szymonbartkowiak/Local Sites/atipera/app/public/wp-content/plugins/astra-sites/inc/lib/zipwp-images/classes/zipwp-images-api.php on line 471
[30-Jun-2025 13:26:54 UTC] PHP Warning:  Undefined array key 1 in /Users/szymonbartkowiak/Local Sites/atipera/app/public/wp-content/plugins/astra-sites/inc/lib/zipwp-images/classes/zipwp-images-api.php on line 471
[30-Jun-2025 13:26:54 UTC] PHP Warning:  Undefined array key 1 in /Users/szymonbartkowiak/Local Sites/atipera/app/public/wp-content/plugins/astra-sites/inc/lib/zipwp-images/classes/zipwp-images-api.php on line 471
[30-Jun-2025 13:26:54 UTC] PHP Warning:  Undefined array key 1 in /Users/szymonbartkowiak/Local Sites/atipera/app/public/wp-content/plugins/astra-sites/inc/lib/zipwp-images/classes/zipwp-images-api.php on line 471
[30-Jun-2025 13:26:54 UTC] PHP Warning:  Undefined array key 1 in /Users/szymonbartkowiak/Local Sites/atipera/app/public/wp-content/plugins/astra-sites/inc/lib/zipwp-images/classes/zipwp-images-api.php on line 471
[30-Jun-2025 13:26:54 UTC] PHP Warning:  Undefined array key 1 in /Users/szymonbartkowiak/Local Sites/atipera/app/public/wp-content/plugins/astra-sites/inc/lib/zipwp-images/classes/zipwp-images-api.php on line 471
[30-Jun-2025 13:26:54 UTC] PHP Warning:  Undefined array key 1 in /Users/szymonbartkowiak/Local Sites/atipera/app/public/wp-content/plugins/astra-sites/inc/lib/zipwp-images/classes/zipwp-images-api.php on line 471
[01-Jul-2025 06:19:48 UTC] PHP Warning:  Undefined array key "url" in /Users/szymonbartkowiak/Local Sites/atipera/app/public/wp-content/plugins/wpforms-lite/src/Forms/IconChoices.php on line 127
[01-Jul-2025 06:19:48 UTC] PHP Warning:  Undefined array key "path" in /Users/szymonbartkowiak/Local Sites/atipera/app/public/wp-content/plugins/wpforms-lite/src/Forms/IconChoices.php on line 128
