[30-Jun-2025 10:35:40] NOTICE: fpm is running, pid 7610
[30-Jun-2025 10:35:40] NOTICE: ready to handle connections
[30-Jun-2025 11:51:18] NOTICE: Terminating ...
[30-Jun-2025 11:51:18] NOTICE: Terminating ...
[30-Jun-2025 11:51:18] NOTICE: exiting, bye-bye!
[30-Jun-2025 11:51:28] NOTICE: fpm is running, pid 10480
[30-Jun-2025 11:51:28] NOTICE: ready to handle connections
[30-Jun-2025 16:24:58] NOTICE: Terminating ...
[30-Jun-2025 16:24:58] NOTICE: Terminating ...
[30-Jun-2025 16:24:58] NOTICE: exiting, bye-bye!
[30-Jun-2025 16:26:32] NOTICE: fpm is running, pid 959
[30-Jun-2025 16:26:32] NOTICE: ready to handle connections
[30-Jun-2025 18:06:55] NOTICE: Terminating ...
[30-Jun-2025 18:06:55] NOTICE: Terminating ...
[30-Jun-2025 18:06:55] NOTICE: exiting, bye-bye!
[01-Jul-2025 08:19:45] NOTICE: fpm is running, pid 1188
[01-Jul-2025 08:19:45] NOTICE: ready to handle connections
[01-Jul-2025 11:21:09] NOTICE: Terminating ...
[01-Jul-2025 11:21:09] NOTICE: Terminating ...
[01-Jul-2025 11:21:09] NOTICE: exiting, bye-bye!
[01-Jul-2025 12:01:51] NOTICE: fpm is running, pid 4606
[01-Jul-2025 12:01:51] NOTICE: ready to handle connections
